Using pre-set license
Built from '2020.2/staging' branch; Version is '2020.2.3f1 (8ff31bc5bf5b) revision 9433883'; Using compiler version '192528614'; Build Type 'Release'
OS: 'Windows 10 Education; OS build 19041.1052; Version 2004; 64bit' Language: 'en' Physical Memory: 16295 MB
BatchMode: 1, IsHumanControllingUs: 0, StartBugReporterOnCrash: 0, Is64bit: 1, IsPro: 0

 COMMAND LINE ARGUMENTS:
C:\Program Files\Unity\Hub\Editor\2020.2.3f1\Editor\Unity.exe
-adb2
-batchMode
-noUpm
-name
AssetImportWorker0
-projectPath
C:/PerforceProjects/FG20FT_GP2_Team9/FG20FT_GP2_Team9/Trench_coat_Insanity
-logFile
Logs/AssetImportWorker0.log
-srvPort
54986
Successfully changed project path to: C:/PerforceProjects/FG20FT_GP2_Team9/FG20FT_GP2_Team9/Trench_coat_Insanity
C:/PerforceProjects/FG20FT_GP2_Team9/FG20FT_GP2_Team9/Trench_coat_Insanity
Using Asset Import Pipeline V2.
Refreshing native plugins compatible for Editor in 43.23 ms, found 1 plugins.
Preloading 0 native plugins for Editor in 0.00 ms.
Initialize engine version: 2020.2.3f1 (8ff31bc5bf5b)
[Subsystems] Discovering subsystems at path C:/Program Files/Unity/Hub/Editor/2020.2.3f1/Editor/Data/Resources/UnitySubsystems
[Subsystems] Discovering subsystems at path C:/PerforceProjects/FG20FT_GP2_Team9/FG20FT_GP2_Team9/Trench_coat_Insanity/Assets
GfxDevice: creating device client; threaded=0
Direct3D:
    Version:  Direct3D 11.0 [level 11.1]
    Renderer: NVIDIA GeForce RTX 2060 (ID=0x1f08)
    Vendor:   
    VRAM:     5980 MB
    Driver:   27.21.14.5671
Initialize mono
Mono path[0] = 'C:/Program Files/Unity/Hub/Editor/2020.2.3f1/Editor/Data/Managed'
Mono path[1] = 'C:/Program Files/Unity/Hub/Editor/2020.2.3f1/Editor/Data/MonoBleedingEdge/lib/mono/unityjit'
Mono config path = 'C:/Program Files/Unity/Hub/Editor/2020.2.3f1/Editor/Data/MonoBleedingEdge/etc'
Using monoOptions --debugger-agent=transport=dt_socket,embedding=1,server=y,suspend=n,address=127.0.0.1:56016
Begin MonoManager ReloadAssembly
Registering precompiled unity dll's ...
Register platform support module: C:/Program Files/Unity/Hub/Editor/2020.2.3f1/Editor/Data/PlaybackEngines/WebGLSupport/UnityEditor.WebGL.Extensions.dll
Register platform support module: C:/Program Files/Unity/Hub/Editor/2020.2.3f1/Editor/Data/PlaybackEngines/WindowsStandaloneSupport/UnityEditor.WindowsStandalone.Extensions.dll
Register platform support module: C:/Program Files/Unity/Hub/Editor/2020.2.3f1/Editor/Data/PlaybackEngines/LinuxStandaloneSupport/UnityEditor.LinuxStandalone.Extensions.dll
Registered in 0.002606 seconds.
Native extension for LinuxStandalone target not found
Native extension for WindowsStandalone target not found
Native extension for WebGL target not found
Refreshing native plugins compatible for Editor in 44.23 ms, found 1 plugins.
Preloading 0 native plugins for Editor in 0.00 ms.
Invoked RoslynAnalysisRunner static constructor.
RoslynAnalysisRunner will not be running.
RoslynAnalysisRunner has terminated.
Mono: successfully reloaded assembly
- Completed reload, in  1.788 seconds
Platform modules already initialized, skipping
Registering precompiled user dll's ...
Registered in 0.001100 seconds.
Begin MonoManager ReloadAssembly
Native extension for LinuxStandalone target not found
Native extension for WindowsStandalone target not found
Native extension for WebGL target not found
Refreshing native plugins compatible for Editor in 0.49 ms, found 1 plugins.
Preloading 0 native plugins for Editor in 0.00 ms.
Invoked RoslynAnalysisRunner static constructor.
RoslynAnalysisRunner will not be running.
RoslynAnalysisRunner has terminated.
Mono: successfully reloaded assembly
- Completed reload, in  0.778 seconds
Platform modules already initialized, skipping
========================================================================
Worker process is ready to serve import requests
Launched and connected shader compiler UnityShaderCompiler.exe after 0.04 seconds
Refreshing native plugins compatible for Editor in 0.43 ms, found 1 plugins.
Preloading 0 native plugins for Editor in 0.00 ms.
Unloading 1696 Unused Serialized files (Serialized files now loaded: 0)
System memory in use before: 160.7 MB.
System memory in use after: 160.7 MB.

Unloading 27 unused Assets to reduce memory usage. Loaded Objects now: 2128.
Total: 1.891000 ms (FindLiveObjects: 0.173400 ms CreateObjectMapping: 0.229800 ms MarkObjects: 1.342300 ms  DeleteObjects: 0.144800 ms)

========================================================================
Received Import Request.
  path: Assets/Scenes/Actual game scenes/scn_Alpha
  artifactKey: Guid(7015a3fd54a1b934eb429ed7c77f459d) Importer(815301076,1909f56bfc062723c751e8b465ee728b)
Start importing Assets/Scenes/Actual game scenes/scn_Alpha using Guid(7015a3fd54a1b934eb429ed7c77f459d) Importer(815301076,1909f56bfc062723c751e8b465ee728b)  -> (artifact id: '21c9ab41cdfb4a0f3e06208dbf1f7850') in 0.009509 seconds
  Import took 0.013119 seconds .

========================================================================
Received Import Request.
  Time since last request: 0.000219 seconds.
  path: Assets/Scenes/Actual game scenes/scn_Alpha/LightingData.asset
  artifactKey: Guid(27375cd3972bbf84d91bb7d2e9b08ac5) Importer(815301076,1909f56bfc062723c751e8b465ee728b)
Start importing Assets/Scenes/Actual game scenes/scn_Alpha/LightingData.asset using Guid(27375cd3972bbf84d91bb7d2e9b08ac5) Importer(815301076,1909f56bfc062723c751e8b465ee728b)  -> (artifact id: 'd3c0ce6b3a95422b41aca26e40cc9f6b') in 0.036259 seconds
  Import took 0.039437 seconds .

========================================================================
Received Import Request.
  Time since last request: 0.000173 seconds.
  path: Assets/Scenes/Actual game scenes/scn_Alpha/ReflectionProbe-0.exr
  artifactKey: Guid(1be104bffec14754a9fb9a546e2d5fa8) Importer(815301076,1909f56bfc062723c751e8b465ee728b)
Start importing Assets/Scenes/Actual game scenes/scn_Alpha/ReflectionProbe-0.exr using Guid(1be104bffec14754a9fb9a546e2d5fa8) Importer(815301076,1909f56bfc062723c751e8b465ee728b)  -> (artifact id: 'b3c4c728ca03f2a8e096d71597a81b33') in 0.071740 seconds
  Import took 0.075293 seconds .

========================================================================
Received Import Request.
  Time since last request: 3.269713 seconds.
  path: Assets/Scenes/Actual game scenes/scn_MainMenu.unity
  artifactKey: Guid(3ec90f464598c24498aa879422afd8c2) Importer(815301076,1909f56bfc062723c751e8b465ee728b)
Start importing Assets/Scenes/Actual game scenes/scn_MainMenu.unity using Guid(3ec90f464598c24498aa879422afd8c2) Importer(815301076,1909f56bfc062723c751e8b465ee728b)  -> (artifact id: '60b6830046717db419b5e06fbd712e13') in 0.005092 seconds
  Import took 0.008214 seconds .

========================================================================
Received Import Request.
  Time since last request: 0.002534 seconds.
  path: Assets/Scenes/Actual game scenes/scn_MainMenu.unity
  artifactKey: Guid(3ec90f464598c24498aa879422afd8c2) Importer(815301076,1909f56bfc062723c751e8b465ee728b)
Start importing Assets/Scenes/Actual game scenes/scn_MainMenu.unity using Guid(3ec90f464598c24498aa879422afd8c2) Importer(815301076,1909f56bfc062723c751e8b465ee728b)  -> (artifact id: '60b6830046717db419b5e06fbd712e13') in 0.001734 seconds
  Import took 0.004195 seconds .

========================================================================
Received Prepare
Registering precompiled user dll's ...
Registered in 0.001116 seconds.
Begin MonoManager ReloadAssembly
Native extension for LinuxStandalone target not found
Native extension for WindowsStandalone target not found
Native extension for WebGL target not found
Refreshing native plugins compatible for Editor in 0.70 ms, found 1 plugins.
Preloading 0 native plugins for Editor in 0.00 ms.
Invoked RoslynAnalysisRunner static constructor.
RoslynAnalysisRunner will not be running.
RoslynAnalysisRunner has terminated.
Mono: successfully reloaded assembly
- Completed reload, in  0.788 seconds
Platform modules already initialized, skipping
Refreshing native plugins compatible for Editor in 0.74 ms, found 1 plugins.
Preloading 0 native plugins for Editor in 0.00 ms.
Unloading 1618 Unused Serialized files (Serialized files now loaded: 0)
System memory in use before: 158.3 MB.
System memory in use after: 158.3 MB.

Unloading 22 unused Assets to reduce memory usage. Loaded Objects now: 2162.
Total: 3.781100 ms (FindLiveObjects: 0.452500 ms CreateObjectMapping: 0.138500 ms MarkObjects: 2.990900 ms  DeleteObjects: 0.197100 ms)

AssetImportWorkerClient::OnTransportError - code=2 error=End of file
