Using pre-set license
Built from '2020.2/staging' branch; Version is '2020.2.3f1 (8ff31bc5bf5b) revision 9433883'; Using compiler version '192528614'; Build Type 'Release'
OS: 'Windows 10 Education; OS build 19041.1052; Version 2004; 64bit' Language: 'en' Physical Memory: 16295 MB
BatchMode: 1, IsHumanControllingUs: 0, StartBugReporterOnCrash: 0, Is64bit: 1, IsPro: 0

 COMMAND LINE ARGUMENTS:
C:\Program Files\Unity\Hub\Editor\2020.2.3f1\Editor\Unity.exe
-adb2
-batchMode
-noUpm
-name
AssetImportWorker0
-projectPath
C:/PerforceProjects/FG20FT_GP2_Team9/FG20FT_GP2_Team9/Trench_coat_Insanity
-logFile
Logs/AssetImportWorker0.log
-srvPort
50210
Successfully changed project path to: C:/PerforceProjects/FG20FT_GP2_Team9/FG20FT_GP2_Team9/Trench_coat_Insanity
C:/PerforceProjects/FG20FT_GP2_Team9/FG20FT_GP2_Team9/Trench_coat_Insanity
Using Asset Import Pipeline V2.
Refreshing native plugins compatible for Editor in 46.52 ms, found 1 plugins.
Preloading 0 native plugins for Editor in 0.00 ms.
Initialize engine version: 2020.2.3f1 (8ff31bc5bf5b)
[Subsystems] Discovering subsystems at path C:/Program Files/Unity/Hub/Editor/2020.2.3f1/Editor/Data/Resources/UnitySubsystems
[Subsystems] Discovering subsystems at path C:/PerforceProjects/FG20FT_GP2_Team9/FG20FT_GP2_Team9/Trench_coat_Insanity/Assets
GfxDevice: creating device client; threaded=0
Direct3D:
    Version:  Direct3D 11.0 [level 11.1]
    Renderer: NVIDIA GeForce RTX 2060 (ID=0x1f08)
    Vendor:   
    VRAM:     5980 MB
    Driver:   27.21.14.5671
Initialize mono
Mono path[0] = 'C:/Program Files/Unity/Hub/Editor/2020.2.3f1/Editor/Data/Managed'
Mono path[1] = 'C:/Program Files/Unity/Hub/Editor/2020.2.3f1/Editor/Data/MonoBleedingEdge/lib/mono/unityjit'
Mono config path = 'C:/Program Files/Unity/Hub/Editor/2020.2.3f1/Editor/Data/MonoBleedingEdge/etc'
Using monoOptions --debugger-agent=transport=dt_socket,embedding=1,server=y,suspend=n,address=127.0.0.1:56980
Begin MonoManager ReloadAssembly
Registering precompiled unity dll's ...
Register platform support module: C:/Program Files/Unity/Hub/Editor/2020.2.3f1/Editor/Data/PlaybackEngines/WebGLSupport/UnityEditor.WebGL.Extensions.dll
Register platform support module: C:/Program Files/Unity/Hub/Editor/2020.2.3f1/Editor/Data/PlaybackEngines/WindowsStandaloneSupport/UnityEditor.WindowsStandalone.Extensions.dll
Register platform support module: C:/Program Files/Unity/Hub/Editor/2020.2.3f1/Editor/Data/PlaybackEngines/LinuxStandaloneSupport/UnityEditor.LinuxStandalone.Extensions.dll
Registered in 0.002553 seconds.
Native extension for LinuxStandalone target not found
Native extension for WindowsStandalone target not found
Native extension for WebGL target not found
Refreshing native plugins compatible for Editor in 41.62 ms, found 1 plugins.
Preloading 0 native plugins for Editor in 0.00 ms.
Invoked RoslynAnalysisRunner static constructor.
RoslynAnalysisRunner will not be running.
RoslynAnalysisRunner has terminated.
Mono: successfully reloaded assembly
- Completed reload, in  1.827 seconds
Platform modules already initialized, skipping
Registering precompiled user dll's ...
Registered in 0.001123 seconds.
Begin MonoManager ReloadAssembly
Native extension for LinuxStandalone target not found
Native extension for WindowsStandalone target not found
Native extension for WebGL target not found
Refreshing native plugins compatible for Editor in 0.46 ms, found 1 plugins.
Preloading 0 native plugins for Editor in 0.00 ms.
Invoked RoslynAnalysisRunner static constructor.
RoslynAnalysisRunner will not be running.
RoslynAnalysisRunner has terminated.
Mono: successfully reloaded assembly
- Completed reload, in  0.788 seconds
Platform modules already initialized, skipping
========================================================================
Worker process is ready to serve import requests
Launched and connected shader compiler UnityShaderCompiler.exe after 0.04 seconds
Refreshing native plugins compatible for Editor in 0.58 ms, found 1 plugins.
Preloading 0 native plugins for Editor in 0.00 ms.
Unloading 1696 Unused Serialized files (Serialized files now loaded: 0)
System memory in use before: 87.7 MB.
System memory in use after: 87.7 MB.

Unloading 27 unused Assets to reduce memory usage. Loaded Objects now: 2123.
Total: 2.237200 ms (FindLiveObjects: 0.227100 ms CreateObjectMapping: 0.064100 ms MarkObjects: 1.763100 ms  DeleteObjects: 0.181100 ms)

========================================================================
Received Import Request.
  path: Assets/Scenes/scn_FirstPlayable/FirstPlayable.unity
  artifactKey: Guid(e9af3250a82993a47b192b9c509a0a38) Importer(815301076,1909f56bfc062723c751e8b465ee728b)
Start importing Assets/Scenes/scn_FirstPlayable/FirstPlayable.unity using Guid(e9af3250a82993a47b192b9c509a0a38) Importer(815301076,1909f56bfc062723c751e8b465ee728b)  -> (artifact id: 'def23d1df3dffc6f272116c64cb1519e') in 0.079507 seconds
  Import took 0.093225 seconds .

========================================================================
Received Import Request.
  Time since last request: 0.003666 seconds.
  path: Assets/Scenes/scn_FirstPlayable
  artifactKey: Guid(e8d2252ab0c883f4b833f9aaa873c5b9) Importer(815301076,1909f56bfc062723c751e8b465ee728b)
Start importing Assets/Scenes/scn_FirstPlayable using Guid(e8d2252ab0c883f4b833f9aaa873c5b9) Importer(815301076,1909f56bfc062723c751e8b465ee728b)  -> (artifact id: 'f5f6ef9d7ca7b92d0b554ffb4f28b967') in 0.009571 seconds
  Import took 0.033398 seconds .

========================================================================
Received Import Request.
  Time since last request: 2.706131 seconds.
  path: Assets/Scenes/Actual game scenes/P_Temp Variant Variant.prefab
  artifactKey: Guid(df958bed9df3ba248abf561cfb9e9d9c) Importer(815301076,1909f56bfc062723c751e8b465ee728b)
Start importing Assets/Scenes/Actual game scenes/P_Temp Variant Variant.prefab using Guid(df958bed9df3ba248abf561cfb9e9d9c) Importer(815301076,1909f56bfc062723c751e8b465ee728b)  -> (artifact id: '68cb559ee846c74bebca32c8857b1508') in 0.121974 seconds
  Import took 0.126151 seconds .

========================================================================
Received Import Request.
  Time since last request: 1.406917 seconds.
  path: Assets/Scenes/Actual game scenes/scn_Alpha.unity
  artifactKey: Guid(372a37d8d7a8bb54390231be03c8fbad) Importer(815301076,1909f56bfc062723c751e8b465ee728b)
Start importing Assets/Scenes/Actual game scenes/scn_Alpha.unity using Guid(372a37d8d7a8bb54390231be03c8fbad) Importer(815301076,1909f56bfc062723c751e8b465ee728b)  -> (artifact id: '6cedf7f60c36a6e26b273d32d98203b5') in 0.005195 seconds
  Import took 0.008300 seconds .

========================================================================
Received Import Request.
  Time since last request: 0.900244 seconds.
  path: Assets/Scenes/Actual game scenes/scn_Apartment.unity
  artifactKey: Guid(5154ddf5a924c714c9bd7178e0f80780) Importer(815301076,1909f56bfc062723c751e8b465ee728b)
Start importing Assets/Scenes/Actual game scenes/scn_Apartment.unity using Guid(5154ddf5a924c714c9bd7178e0f80780) Importer(815301076,1909f56bfc062723c751e8b465ee728b)  -> (artifact id: 'a5c980cb1b97ed2f484e2800d91b5115') in 0.004913 seconds
  Import took 0.086445 seconds .

========================================================================
Received Prepare
Registering precompiled user dll's ...
Registered in 0.001133 seconds.
Begin MonoManager ReloadAssembly
Native extension for LinuxStandalone target not found
Native extension for WindowsStandalone target not found
Native extension for WebGL target not found
Refreshing native plugins compatible for Editor in 0.45 ms, found 1 plugins.
Preloading 0 native plugins for Editor in 0.00 ms.
Invoked RoslynAnalysisRunner static constructor.
RoslynAnalysisRunner will not be running.
RoslynAnalysisRunner has terminated.
Mono: successfully reloaded assembly
- Completed reload, in  0.827 seconds
Platform modules already initialized, skipping
Refreshing native plugins compatible for Editor in 0.51 ms, found 1 plugins.
Preloading 0 native plugins for Editor in 0.00 ms.
Unloading 1618 Unused Serialized files (Serialized files now loaded: 0)
System memory in use before: 85.1 MB.
System memory in use after: 85.1 MB.

Unloading 23 unused Assets to reduce memory usage. Loaded Objects now: 2133.
Total: 2.239800 ms (FindLiveObjects: 0.248600 ms CreateObjectMapping: 0.153600 ms MarkObjects: 1.699900 ms  DeleteObjects: 0.136200 ms)

========================================================================
Received Prepare
Registering precompiled user dll's ...
Registered in 0.001320 seconds.
Begin MonoManager ReloadAssembly
Native extension for LinuxStandalone target not found
Native extension for WindowsStandalone target not found
Native extension for WebGL target not found
Refreshing native plugins compatible for Editor in 0.53 ms, found 1 plugins.
Preloading 0 native plugins for Editor in 0.00 ms.
Invoked RoslynAnalysisRunner static constructor.
RoslynAnalysisRunner will not be running.
RoslynAnalysisRunner has terminated.
Mono: successfully reloaded assembly
- Completed reload, in  0.831 seconds
Platform modules already initialized, skipping
Refreshing native plugins compatible for Editor in 0.48 ms, found 1 plugins.
Preloading 0 native plugins for Editor in 0.00 ms.
Unloading 1618 Unused Serialized files (Serialized files now loaded: 0)
System memory in use before: 85.1 MB.
System memory in use after: 85.1 MB.

Unloading 22 unused Assets to reduce memory usage. Loaded Objects now: 2135.
Total: 2.109900 ms (FindLiveObjects: 0.166100 ms CreateObjectMapping: 0.095100 ms MarkObjects: 1.725300 ms  DeleteObjects: 0.122000 ms)

========================================================================
Received Import Request.
  Time since last request: 829.880761 seconds.
  path: Assets/Scenes/SampleScene.unity
  artifactKey: Guid(9fc0d4010bbf28b4594072e72b8655ab) Importer(815301076,1909f56bfc062723c751e8b465ee728b)
Start importing Assets/Scenes/SampleScene.unity using Guid(9fc0d4010bbf28b4594072e72b8655ab) Importer(815301076,1909f56bfc062723c751e8b465ee728b)  -> (artifact id: 'bc783a2cacc01d2ff1c3837cf733ec8d') in 0.017450 seconds
  Import took 0.021841 seconds .

========================================================================
Received Import Request.
  Time since last request: 0.001795 seconds.
  path: Assets/Scenes/SampleScene.unity
  artifactKey: Guid(9fc0d4010bbf28b4594072e72b8655ab) Importer(815301076,1909f56bfc062723c751e8b465ee728b)
Start importing Assets/Scenes/SampleScene.unity using Guid(9fc0d4010bbf28b4594072e72b8655ab) Importer(815301076,1909f56bfc062723c751e8b465ee728b)  -> (artifact id: 'bc783a2cacc01d2ff1c3837cf733ec8d') in 0.001973 seconds
  Import took 0.005309 seconds .

========================================================================
Received Import Request.
  Time since last request: 1.300878 seconds.
  path: Assets/Scenes/scn_HackingTest.unity
  artifactKey: Guid(d88088c6779909a48bf4247df90992a9) Importer(815301076,1909f56bfc062723c751e8b465ee728b)
Start importing Assets/Scenes/scn_HackingTest.unity using Guid(d88088c6779909a48bf4247df90992a9) Importer(815301076,1909f56bfc062723c751e8b465ee728b)  -> (artifact id: '5f2e8ed32b7ee53daa3f117817decdc8') in 0.007083 seconds
  Import took 0.010742 seconds .

========================================================================
Received Import Request.
  Time since last request: 0.334304 seconds.
  path: Assets/Scenes/scn_FabianApartmentBlockOut.unity
  artifactKey: Guid(f37a0f4aab5afd84b8ad46fb50c8ce2d) Importer(815301076,1909f56bfc062723c751e8b465ee728b)
Start importing Assets/Scenes/scn_FabianApartmentBlockOut.unity using Guid(f37a0f4aab5afd84b8ad46fb50c8ce2d) Importer(815301076,1909f56bfc062723c751e8b465ee728b)  -> (artifact id: 'd7cd02288b5f5465b1000cb46ceae06a') in 0.005636 seconds
  Import took 0.008554 seconds .

========================================================================
Received Import Request.
  Time since last request: 0.000348 seconds.
  path: Assets/Scenes/scn_FabianApartmentBlockOut.unity
  artifactKey: Guid(f37a0f4aab5afd84b8ad46fb50c8ce2d) Importer(815301076,1909f56bfc062723c751e8b465ee728b)
Start importing Assets/Scenes/scn_FabianApartmentBlockOut.unity using Guid(f37a0f4aab5afd84b8ad46fb50c8ce2d) Importer(815301076,1909f56bfc062723c751e8b465ee728b)  -> (artifact id: 'd7cd02288b5f5465b1000cb46ceae06a') in 0.003319 seconds
  Import took 0.005724 seconds .

========================================================================
Received Import Request.
  Time since last request: 0.349368 seconds.
  path: Assets/Scenes/scn_Alpha 1.unity
  artifactKey: Guid(5e272f6668720da459919b789b803dd2) Importer(815301076,1909f56bfc062723c751e8b465ee728b)
Start importing Assets/Scenes/scn_Alpha 1.unity using Guid(5e272f6668720da459919b789b803dd2) Importer(815301076,1909f56bfc062723c751e8b465ee728b)  -> (artifact id: '48dd5ca4ff9b1125d5a49821bf43c592') in 0.005163 seconds
  Import took 0.008523 seconds .

========================================================================
Received Import Request.
  Time since last request: 0.000615 seconds.
  path: Assets/Scenes/scn_Alpha 1.unity
  artifactKey: Guid(5e272f6668720da459919b789b803dd2) Importer(815301076,1909f56bfc062723c751e8b465ee728b)
Start importing Assets/Scenes/scn_Alpha 1.unity using Guid(5e272f6668720da459919b789b803dd2) Importer(815301076,1909f56bfc062723c751e8b465ee728b)  -> (artifact id: '48dd5ca4ff9b1125d5a49821bf43c592') in 0.001918 seconds
  Import took 0.004570 seconds .

========================================================================
Received Import Request.
  Time since last request: 0.397043 seconds.
  path: Assets/Scenes/scn_Henrik-LockPick.unity
  artifactKey: Guid(62fb9b86db180944b8eff0c12c284c01) Importer(815301076,1909f56bfc062723c751e8b465ee728b)
Start importing Assets/Scenes/scn_Henrik-LockPick.unity using Guid(62fb9b86db180944b8eff0c12c284c01) Importer(815301076,1909f56bfc062723c751e8b465ee728b)  -> (artifact id: '893b622441f6d851635d1856149e193a') in 0.006161 seconds
  Import took 0.008984 seconds .

========================================================================
Received Import Request.
  Time since last request: 0.579258 seconds.
  path: Assets/Scenes/scn_Henrik-test.unity
  artifactKey: Guid(a14f18c94c3cf7c43831f789dc37ab24) Importer(815301076,1909f56bfc062723c751e8b465ee728b)
Start importing Assets/Scenes/scn_Henrik-test.unity using Guid(a14f18c94c3cf7c43831f789dc37ab24) Importer(815301076,1909f56bfc062723c751e8b465ee728b)  -> (artifact id: '142b96a1e9b4df4e97f7adb3269c2b4d') in 0.005218 seconds
  Import took 0.008569 seconds .

========================================================================
Received Import Request.
  Time since last request: 6.104540 seconds.
  path: Assets/Scenes/scn_Henrik-test2.unity
  artifactKey: Guid(4791280a5ee81084da2e8d1e0ca56f43) Importer(815301076,1909f56bfc062723c751e8b465ee728b)
Start importing Assets/Scenes/scn_Henrik-test2.unity using Guid(4791280a5ee81084da2e8d1e0ca56f43) Importer(815301076,1909f56bfc062723c751e8b465ee728b)  -> (artifact id: '04291c65f1717b668de58837a369e7b3') in 0.005822 seconds
  Import took 0.008738 seconds .

========================================================================
Received Import Request.
  Time since last request: 0.000464 seconds.
  path: Assets/Scenes/scn_Henrik-test2.unity
  artifactKey: Guid(4791280a5ee81084da2e8d1e0ca56f43) Importer(815301076,1909f56bfc062723c751e8b465ee728b)
Start importing Assets/Scenes/scn_Henrik-test2.unity using Guid(4791280a5ee81084da2e8d1e0ca56f43) Importer(815301076,1909f56bfc062723c751e8b465ee728b)  -> (artifact id: '04291c65f1717b668de58837a369e7b3') in 0.002047 seconds
  Import took 0.004773 seconds .

========================================================================
Received Import Request.
  Time since last request: 0.449387 seconds.
  path: Assets/Scenes/scn_MarcusL-test 1.unity
  artifactKey: Guid(c999dbe435b084a4aa6f7512e20fe57f) Importer(815301076,1909f56bfc062723c751e8b465ee728b)
Start importing Assets/Scenes/scn_MarcusL-test 1.unity using Guid(c999dbe435b084a4aa6f7512e20fe57f) Importer(815301076,1909f56bfc062723c751e8b465ee728b)  -> (artifact id: '94ef2996b0c030b32557510be851d7b8') in 0.006222 seconds
  Import took 0.009287 seconds .

========================================================================
Received Import Request.
  Time since last request: 0.816546 seconds.
  path: Assets/Scenes/scn_Jupiter-test 1.unity
  artifactKey: Guid(5bf02ab894d15214fbe38a179315be59) Importer(815301076,1909f56bfc062723c751e8b465ee728b)
Start importing Assets/Scenes/scn_Jupiter-test 1.unity using Guid(5bf02ab894d15214fbe38a179315be59) Importer(815301076,1909f56bfc062723c751e8b465ee728b)  -> (artifact id: '8e3799436b42467ecc47ce92189d3ecd') in 0.006146 seconds
  Import took 0.009333 seconds .

========================================================================
Received Import Request.
  Time since last request: 1.356077 seconds.
  path: Assets/Scenes/scn_Prison.unity
  artifactKey: Guid(0389bb759432c174eaf92103f93190b4) Importer(815301076,1909f56bfc062723c751e8b465ee728b)
Start importing Assets/Scenes/scn_Prison.unity using Guid(0389bb759432c174eaf92103f93190b4) Importer(815301076,1909f56bfc062723c751e8b465ee728b)  -> (artifact id: '37e9133b19c8be6b7a1079bf17db963b') in 0.005803 seconds
  Import took 0.009620 seconds .

========================================================================
Received Import Request.
  Time since last request: 3.846139 seconds.
  path: Assets/Scenes/scn_WardenOfficeFabian.unity
  artifactKey: Guid(c230a0f67a5901f4e930c4cdd8b4b71a) Importer(815301076,1909f56bfc062723c751e8b465ee728b)
Start importing Assets/Scenes/scn_WardenOfficeFabian.unity using Guid(c230a0f67a5901f4e930c4cdd8b4b71a) Importer(815301076,1909f56bfc062723c751e8b465ee728b)  -> (artifact id: '57d6ba3f151f16a6ddf83f6dffd7e1df') in 0.006519 seconds
  Import took 0.009815 seconds .

========================================================================
Received Import Request.
  Time since last request: 1.207033 seconds.
  path: Assets/Scenes/scn_RasmusC.unity
  artifactKey: Guid(fbf5f3471e41a1245ba96957bb88f77b) Importer(815301076,1909f56bfc062723c751e8b465ee728b)
Start importing Assets/Scenes/scn_RasmusC.unity using Guid(fbf5f3471e41a1245ba96957bb88f77b) Importer(815301076,1909f56bfc062723c751e8b465ee728b)  -> (artifact id: 'a634c1c313c4823137b1b148338370c2') in 0.005756 seconds
  Import took 0.008657 seconds .

========================================================================
Received Import Request.
  Time since last request: 1.066280 seconds.
  path: Assets/Scenes/scn_WifesApartmentFabian.unity
  artifactKey: Guid(9a1d2cc32f778b046800558985bbb1b8) Importer(815301076,1909f56bfc062723c751e8b465ee728b)
Start importing Assets/Scenes/scn_WifesApartmentFabian.unity using Guid(9a1d2cc32f778b046800558985bbb1b8) Importer(815301076,1909f56bfc062723c751e8b465ee728b)  -> (artifact id: '06bb9dce08bb217e9775cb0ee9dfee33') in 0.005704 seconds
  Import took 0.008807 seconds .

========================================================================
Received Import Request.
  Time since last request: 1.816240 seconds.
  path: Assets/Scenes/scn_HenrikTest 3.unity
  artifactKey: Guid(37e0305e856730d49b784f1cd46e5323) Importer(815301076,1909f56bfc062723c751e8b465ee728b)
Start importing Assets/Scenes/scn_HenrikTest 3.unity using Guid(37e0305e856730d49b784f1cd46e5323) Importer(815301076,1909f56bfc062723c751e8b465ee728b)  -> (artifact id: '70a8019200a4617d7d7537b89743fdda') in 0.005177 seconds
  Import took 0.008134 seconds .

========================================================================
Received Import Request.
  Time since last request: 1138.980773 seconds.
  path: Assets/Prefabs/P_Temp.prefab
  artifactKey: Guid(70bd26162e242d140a75059158b73857) Importer(815301076,1909f56bfc062723c751e8b465ee728b)
Start importing Assets/Prefabs/P_Temp.prefab using Guid(70bd26162e242d140a75059158b73857) Importer(815301076,1909f56bfc062723c751e8b465ee728b)  -> (artifact id: 'ee6129d61d31884b537e3da05097293b') in 0.050062 seconds
  Import took 0.053555 seconds .

========================================================================
Received Import Request.
  Time since last request: 2.253089 seconds.
  path: Assets/Prefabs/LockPicking
  artifactKey: Guid(00f443e80a17f6f4794d14fd51542124) Importer(815301076,1909f56bfc062723c751e8b465ee728b)
Start importing Assets/Prefabs/LockPicking using Guid(00f443e80a17f6f4794d14fd51542124) Importer(815301076,1909f56bfc062723c751e8b465ee728b)  -> (artifact id: '8b6b42ccff40f942e34eed0b943c1225') in 0.005338 seconds
  Import took 0.008889 seconds .

========================================================================
Received Import Request.
  Time since last request: 0.041906 seconds.
  path: Assets/Prefabs/LockPicking/LockPickPrefab.prefab
  artifactKey: Guid(c2507fd4b5867944aa71f49dbbba53c4) Importer(815301076,1909f56bfc062723c751e8b465ee728b)
Start importing Assets/Prefabs/LockPicking/LockPickPrefab.prefab using Guid(c2507fd4b5867944aa71f49dbbba53c4) Importer(815301076,1909f56bfc062723c751e8b465ee728b)  -> (artifact id: '91c7b7afb43af27f83fe25b43f457bc5') in 0.032303 seconds
  Import took 0.035715 seconds .

========================================================================
Received Import Request.
  Time since last request: 0.000223 seconds.
  path: Assets/Prefabs/LockPicking/LockTile.prefab
  artifactKey: Guid(be140c98ad4716d4ebe11c550c3f9e02) Importer(815301076,1909f56bfc062723c751e8b465ee728b)
Start importing Assets/Prefabs/LockPicking/LockTile.prefab using Guid(be140c98ad4716d4ebe11c550c3f9e02) Importer(815301076,1909f56bfc062723c751e8b465ee728b)  -> (artifact id: 'f2f7edcfdc1b4038db0e7871418d02f9') in 0.007957 seconds
  Import took 0.010906 seconds .

========================================================================
Received Prepare
Registering precompiled user dll's ...
Registered in 0.001066 seconds.
Begin MonoManager ReloadAssembly
Native extension for LinuxStandalone target not found
Native extension for WindowsStandalone target not found
Native extension for WebGL target not found
Refreshing native plugins compatible for Editor in 0.45 ms, found 1 plugins.
Preloading 0 native plugins for Editor in 0.00 ms.
Invoked RoslynAnalysisRunner static constructor.
RoslynAnalysisRunner will not be running.
RoslynAnalysisRunner has terminated.
Mono: successfully reloaded assembly
- Completed reload, in  0.750 seconds
Platform modules already initialized, skipping
Refreshing native plugins compatible for Editor in 0.61 ms, found 1 plugins.
Preloading 0 native plugins for Editor in 0.00 ms.
Unloading 1618 Unused Serialized files (Serialized files now loaded: 0)
System memory in use before: 85.3 MB.
System memory in use after: 85.3 MB.

Unloading 24 unused Assets to reduce memory usage. Loaded Objects now: 2141.
Total: 1.533300 ms (FindLiveObjects: 0.147800 ms CreateObjectMapping: 0.047800 ms MarkObjects: 1.221700 ms  DeleteObjects: 0.115100 ms)

========================================================================
Received Import Request.
  Time since last request: 4.236045 seconds.
  path: Assets/Prefabs/LockPicking/LockTile.prefab
  artifactKey: Guid(be140c98ad4716d4ebe11c550c3f9e02) Importer(815301076,1909f56bfc062723c751e8b465ee728b)
Start importing Assets/Prefabs/LockPicking/LockTile.prefab using Guid(be140c98ad4716d4ebe11c550c3f9e02) Importer(815301076,1909f56bfc062723c751e8b465ee728b)  -> (artifact id: '31f8aac0a8a82e8c176c1eb885518a0f') in 0.031526 seconds
  Import took 0.034117 seconds .

========================================================================
Received Import Request.
  Time since last request: 0.001523 seconds.
  path: Assets/Prefabs/LockPicking/LockTile.prefab
  artifactKey: Guid(be140c98ad4716d4ebe11c550c3f9e02) Importer(815301076,1909f56bfc062723c751e8b465ee728b)
Start importing Assets/Prefabs/LockPicking/LockTile.prefab using Guid(be140c98ad4716d4ebe11c550c3f9e02) Importer(815301076,1909f56bfc062723c751e8b465ee728b)  -> (artifact id: '31f8aac0a8a82e8c176c1eb885518a0f') in 0.003682 seconds
  Import took 0.006270 seconds .

========================================================================
Received Import Request.
  Time since last request: 291.527387 seconds.
  path: Assets/Materials/M_HenrikTest1.mat
  artifactKey: Guid(6f597cd8f2f36144997b3b8546730f35) Importer(815301076,1909f56bfc062723c751e8b465ee728b)
Start importing Assets/Materials/M_HenrikTest1.mat using Guid(6f597cd8f2f36144997b3b8546730f35) Importer(815301076,1909f56bfc062723c751e8b465ee728b)  -> (artifact id: 'ae515e38aeaedd7d4ac42aaac7e02435') in 0.061046 seconds
  Import took 0.064710 seconds .

========================================================================
Received Import Request.
  Time since last request: 0.000196 seconds.
  path: Assets/Materials/M_Temp.mat
  artifactKey: Guid(2a8c08228f5f66c4b98cafbeaeeec979) Importer(815301076,1909f56bfc062723c751e8b465ee728b)
Start importing Assets/Materials/M_Temp.mat using Guid(2a8c08228f5f66c4b98cafbeaeeec979) Importer(815301076,1909f56bfc062723c751e8b465ee728b)  -> (artifact id: '762a0004bf26dbf67a2ff1d776043b22') in 0.014351 seconds
  Import took 0.017191 seconds .

========================================================================
Received Import Request.
  Time since last request: 1.137558 seconds.
  path: Assets/Materials/Environemnt_Textures
  artifactKey: Guid(bde54a0d43992eb40aba8ebcf0177a4d) Importer(815301076,1909f56bfc062723c751e8b465ee728b)
Start importing Assets/Materials/Environemnt_Textures using Guid(bde54a0d43992eb40aba8ebcf0177a4d) Importer(815301076,1909f56bfc062723c751e8b465ee728b)  -> (artifact id: 'd92ba14f6a2b7466543fb4bd81f77634') in 0.004806 seconds
  Import took 0.007198 seconds .

========================================================================
Received Import Request.
  Time since last request: 1.386802 seconds.
  path: Assets/Materials/Environemnt_Textures/Wall
  artifactKey: Guid(bc764d04fdd692443a2c5ebc7a0a4886) Importer(815301076,1909f56bfc062723c751e8b465ee728b)
Start importing Assets/Materials/Environemnt_Textures/Wall using Guid(bc764d04fdd692443a2c5ebc7a0a4886) Importer(815301076,1909f56bfc062723c751e8b465ee728b)  -> (artifact id: '7ca754dbd818691f98bd45cf2f08d916') in 0.004879 seconds
  Import took 0.007770 seconds .

========================================================================
Received Import Request.
  Time since last request: 0.043739 seconds.
  path: Assets/Materials/Environemnt_Textures/Wall/Noir_Wall_ambientocclusion.png
  artifactKey: Guid(993e712aa1e57294c92e106428628817) Importer(815301076,1909f56bfc062723c751e8b465ee728b)
Start importing Assets/Materials/Environemnt_Textures/Wall/Noir_Wall_ambientocclusion.png using Guid(993e712aa1e57294c92e106428628817) Importer(815301076,1909f56bfc062723c751e8b465ee728b)  -> (artifact id: '0f04d41b4b44cccde5c69ddc1d6a5857') in 0.055471 seconds
  Import took 0.058816 seconds .

========================================================================
Received Import Request.
  Time since last request: 0.000230 seconds.
  path: Assets/Materials/Environemnt_Textures/Wall/Noir_Wall_normal.png
  artifactKey: Guid(4cdf5d510072df740b415d3beeb22caf) Importer(815301076,1909f56bfc062723c751e8b465ee728b)
Start importing Assets/Materials/Environemnt_Textures/Wall/Noir_Wall_normal.png using Guid(4cdf5d510072df740b415d3beeb22caf) Importer(815301076,1909f56bfc062723c751e8b465ee728b)  -> (artifact id: '0b3f4ec8f74ecf4711c504f50d05d1e4') in 0.021720 seconds
  Import took 0.024806 seconds .

========================================================================
Received Import Request.
  Time since last request: 0.000205 seconds.
  path: Assets/Materials/Environemnt_Textures/Wall/Noir_Wall_roughness.png
  artifactKey: Guid(0245a3d9659b379408e886917274ecea) Importer(815301076,1909f56bfc062723c751e8b465ee728b)
Start importing Assets/Materials/Environemnt_Textures/Wall/Noir_Wall_roughness.png using Guid(0245a3d9659b379408e886917274ecea) Importer(815301076,1909f56bfc062723c751e8b465ee728b)  -> (artifact id: '7460c5c463d7089addd8f9a41408cf40') in 0.010743 seconds
  Import took 0.013685 seconds .

========================================================================
Received Import Request.
  Time since last request: 0.000248 seconds.
  path: Assets/Materials/Environemnt_Textures/Wall/Noir_Wall_basecolor.png
  artifactKey: Guid(16d950a4babfb454a80118c3df39744f) Importer(815301076,1909f56bfc062723c751e8b465ee728b)
Start importing Assets/Materials/Environemnt_Textures/Wall/Noir_Wall_basecolor.png using Guid(16d950a4babfb454a80118c3df39744f) Importer(815301076,1909f56bfc062723c751e8b465ee728b)  -> (artifact id: '56d898649cc17f17f8ea822cbaf516ff') in 0.010493 seconds
  Import took 0.013760 seconds .

========================================================================
Received Import Request.
  Time since last request: 9.866603 seconds.
  path: Assets/Materials/Environemnt_Textures/Wall/Materials
  artifactKey: Guid(a88752db07f7adf479a9d00fc211b5aa) Importer(815301076,1909f56bfc062723c751e8b465ee728b)
Start importing Assets/Materials/Environemnt_Textures/Wall/Materials using Guid(a88752db07f7adf479a9d00fc211b5aa) Importer(815301076,1909f56bfc062723c751e8b465ee728b)  -> (artifact id: 'c99067dff43f973a66c92bcdd19ba012') in 0.004738 seconds
  Import took 0.007202 seconds .

========================================================================
Received Import Request.
  Time since last request: 6.726561 seconds.
  path: Assets/Materials
  artifactKey: Guid(8c500a94663fa574691b5580f7f0e2df) Importer(815301076,1909f56bfc062723c751e8b465ee728b)
Start importing Assets/Materials using Guid(8c500a94663fa574691b5580f7f0e2df) Importer(815301076,1909f56bfc062723c751e8b465ee728b)  -> (artifact id: 'ca6d71d523d0f10e4da47e3119985629') in 0.001709 seconds
  Import took 0.004760 seconds .

========================================================================
Received Import Request.
  Time since last request: 0.001244 seconds.
  path: Assets/Materials
  artifactKey: Guid(8c500a94663fa574691b5580f7f0e2df) Importer(815301076,1909f56bfc062723c751e8b465ee728b)
Start importing Assets/Materials using Guid(8c500a94663fa574691b5580f7f0e2df) Importer(815301076,1909f56bfc062723c751e8b465ee728b)  -> (artifact id: 'ca6d71d523d0f10e4da47e3119985629') in 0.001651 seconds
  Import took 0.004164 seconds .

========================================================================
Received Import Request.
  Time since last request: 9.860521 seconds.
  path: Assets/Materials/M_Dark.mat
  artifactKey: Guid(7a1c13118a149fe468b412b6f1912773) Importer(815301076,1909f56bfc062723c751e8b465ee728b)
Start importing Assets/Materials/M_Dark.mat using Guid(7a1c13118a149fe468b412b6f1912773) Importer(815301076,1909f56bfc062723c751e8b465ee728b)  -> (artifact id: 'a5faea0377592bb57744f62652ec22ab') in 0.010067 seconds
  Import took 0.012838 seconds .

========================================================================
Received Import Request.
  Time since last request: 209.421552 seconds.
  path: Assets/Scenes/Actual game scenes
  artifactKey: Guid(7c167d895cd9dbb42a38674664e8b3f0) Importer(815301076,1909f56bfc062723c751e8b465ee728b)
Start importing Assets/Scenes/Actual game scenes using Guid(7c167d895cd9dbb42a38674664e8b3f0) Importer(815301076,1909f56bfc062723c751e8b465ee728b)  -> (artifact id: '809aacf5ae2553a4ebb5610e0933fc46') in 0.006050 seconds
  Import took 0.009084 seconds .

========================================================================
Received Import Request.
  Time since last request: 2.547797 seconds.
  path: Assets/Scenes/Actual game scenes/scn_EndCredits.unity
  artifactKey: Guid(7c54ce8f4e09f1e4da0335a0763d47e3) Importer(815301076,1909f56bfc062723c751e8b465ee728b)
Start importing Assets/Scenes/Actual game scenes/scn_EndCredits.unity using Guid(7c54ce8f4e09f1e4da0335a0763d47e3) Importer(815301076,1909f56bfc062723c751e8b465ee728b)  -> (artifact id: '4a6524e46b892737eaea7a0b05d4ebc5') in 0.005309 seconds
  Import took 0.007983 seconds .

========================================================================
Received Prepare
Registering precompiled user dll's ...
Registered in 0.001191 seconds.
Begin MonoManager ReloadAssembly
Native extension for LinuxStandalone target not found
Native extension for WindowsStandalone target not found
Native extension for WebGL target not found
Refreshing native plugins compatible for Editor in 0.58 ms, found 1 plugins.
Preloading 0 native plugins for Editor in 0.00 ms.
Invoked RoslynAnalysisRunner static constructor.
RoslynAnalysisRunner will not be running.
RoslynAnalysisRunner has terminated.
Mono: successfully reloaded assembly
- Completed reload, in  0.865 seconds
Platform modules already initialized, skipping
Refreshing native plugins compatible for Editor in 0.47 ms, found 1 plugins.
Preloading 0 native plugins for Editor in 0.00 ms.
Unloading 1618 Unused Serialized files (Serialized files now loaded: 0)
System memory in use before: 85.6 MB.
System memory in use after: 85.6 MB.

Unloading 23 unused Assets to reduce memory usage. Loaded Objects now: 2180.
Total: 2.131200 ms (FindLiveObjects: 0.173300 ms CreateObjectMapping: 0.060100 ms MarkObjects: 1.776500 ms  DeleteObjects: 0.119600 ms)

AssetImportWorkerClient::OnTransportError - code=2 error=End of file
